e:\uad\6to\chemonky\pato-proyecto\pato\framework\debug\d3dxquad.obj
e:\uad\6to\chemonky\pato-proyecto\pato\framework\debug\camera.obj
e:\uad\6to\chemonky\pato-proyecto\pato\framework\debug\d3dxdriver.obj
e:\uad\6to\chemonky\pato-proyecto\pato\framework\debug\primitivemanager.obj
e:\uad\6to\chemonky\pato-proyecto\pato\framework\debug\d3dxrt.obj
e:\uad\6to\chemonky\pato-proyecto\pato\framework\debug\d3dxmesh.obj
e:\uad\6to\chemonky\pato-proyecto\pato\framework\debug\glrt.obj
e:\uad\6to\chemonky\pato-proyecto\pato\framework\debug\glmesh.obj
e:\uad\6to\chemonky\pato-proyecto\pato\framework\debug\triangle.obj
e:\uad\6to\chemonky\pato-proyecto\pato\framework\debug\gltexture.obj
e:\uad\6to\chemonky\pato-proyecto\pato\framework\debug\primitiveinstance.obj
e:\uad\6to\chemonky\pato-proyecto\pato\framework\debug\sceneprop.obj
e:\uad\6to\chemonky\pato-proyecto\pato\framework\debug\cil.obj
e:\uad\6to\chemonky\pato-proyecto\pato\framework\debug\d3dxshader.obj
e:\uad\6to\chemonky\pato-proyecto\pato\framework\debug\cube.obj
e:\uad\6to\chemonky\pato-proyecto\pato\framework\debug\utils.obj
e:\uad\6to\chemonky\pato-proyecto\pato\framework\debug\glshader.obj
e:\uad\6to\chemonky\pato-proyecto\pato\framework\debug\core.obj
e:\uad\6to\chemonky\pato-proyecto\pato\framework\debug\glquad.obj
e:\uad\6to\chemonky\pato-proyecto\pato\framework\debug\timer.obj
e:\uad\6to\chemonky\pato-proyecto\pato\framework\debug\gldriver.obj
e:\uad\6to\chemonky\pato-proyecto\pato\framework\debug\win32framework.obj
e:\uad\6to\chemonky\pato-proyecto\pato\framework\debug\inputmanager.obj
e:\uad\6to\chemonky\pato-proyecto\pato\framework\debug\basedriver.obj
e:\uad\6to\chemonky\pato-proyecto\pato\framework\debug\d3dxtexture.obj
e:\uad\6to\chemonky\pato-proyecto\pato\framework\debug\framework.pdb
e:\uad\6to\chemonky\pato-proyecto\pato\framework\debug\framework.idb
e:\uad\6to\chemonky\pato-proyecto\pato\debug\framework.lib
e:\uad\6to\chemonky\pato-proyecto\pato\debug\framework.pdb
e:\uad\6to\chemonky\pato-proyecto\pato\framework\debug\framework.tlog\cl.command.1.tlog
e:\uad\6to\chemonky\pato-proyecto\pato\framework\debug\framework.tlog\cl.read.1.tlog
e:\uad\6to\chemonky\pato-proyecto\pato\framework\debug\framework.tlog\cl.write.1.tlog
e:\uad\6to\chemonky\pato-proyecto\pato\framework\debug\framework.tlog\lib-link.read.1.tlog
e:\uad\6to\chemonky\pato-proyecto\pato\framework\debug\framework.tlog\lib-link.write.1.tlog
e:\uad\6to\chemonky\pato-proyecto\pato\framework\debug\framework.tlog\lib.command.1.tlog
