  Core.cpp
  Win32Framework.cpp
  Cube.cpp
  D3DXQuad.cpp
  GLMesh.cpp
  D3DXMesh.cpp
  PrimitiveInstance.cpp
  PrimitiveManager.cpp
  GLQuad.cpp
  SceneProp.cpp
  Triangle.cpp
  cil.cpp
e:\uad\6to\chemonky\graficas\lugraficas\framework\src\scene\d3dxmesh.cpp(149): warning C4244: '=': conversion from 'double' to 'float', possible loss of data
e:\uad\6to\chemonky\graficas\lugraficas\framework\src\scene\d3dxmesh.cpp(152): warning C4244: '=': conversion from 'double' to 'float', possible loss of data
e:\uad\6to\chemonky\graficas\lugraficas\framework\src\scene\d3dxmesh.cpp(155): warning C4244: '=': conversion from 'double' to 'float', possible loss of data
e:\uad\6to\chemonky\graficas\lugraficas\framework\src\scene\d3dxmesh.cpp(205): warning C4244: '=': conversion from 'double' to 'float', possible loss of data
e:\uad\6to\chemonky\graficas\lugraficas\framework\src\scene\d3dxmesh.cpp(208): warning C4244: '=': conversion from 'double' to 'float', possible loss of data
e:\uad\6to\chemonky\graficas\lugraficas\framework\src\scene\d3dxmesh.cpp(211): warning C4244: '=': conversion from 'double' to 'float', possible loss of data
e:\uad\6to\chemonky\graficas\lugraficas\framework\src\scene\d3dxmesh.cpp(241): warning C4244: '=': conversion from 'double' to 'float', possible loss of data
e:\uad\6to\chemonky\graficas\lugraficas\framework\src\scene\d3dxmesh.cpp(244): warning C4244: '=': conversion from 'double' to 'float', possible loss of data
e:\uad\6to\chemonky\graficas\lugraficas\framework\src\scene\d3dxmesh.cpp(281): warning C4244: '=': conversion from 'double' to 'unsigned long', possible loss of data
e:\uad\6to\chemonky\graficas\lugraficas\framework\src\scene\d3dxmesh.cpp(286): warning C4244: '=': conversion from 'double' to 'unsigned long', possible loss of data
e:\uad\6to\chemonky\graficas\lugraficas\framework\src\scene\d3dxmesh.cpp(291): warning C4244: '=': conversion from 'double' to 'unsigned long', possible loss of data
e:\uad\6to\chemonky\graficas\lugraficas\framework\src\scene\d3dxmesh.cpp(299): warning C4244: '=': conversion from 'double' to 'unsigned long', possible loss of data
e:\uad\6to\chemonky\graficas\lugraficas\framework\src\scene\d3dxmesh.cpp(304): warning C4244: '=': conversion from 'double' to 'unsigned long', possible loss of data
e:\uad\6to\chemonky\graficas\lugraficas\framework\src\scene\d3dxmesh.cpp(309): warning C4244: '=': conversion from 'double' to 'unsigned long', possible loss of data
e:\uad\6to\chemonky\graficas\lugraficas\framework\src\scene\d3dxmesh.cpp(344): warning C4800: 'int': forcing value to bool 'true' or 'false' (performance warning)
e:\uad\6to\chemonky\graficas\lugraficas\framework\src\scene\d3dxmesh.cpp(350): warning C4800: 'int': forcing value to bool 'true' or 'false' (performance warning)
e:\uad\6to\chemonky\graficas\lugraficas\framework\src\scene\d3dxmesh.cpp(356): warning C4800: 'int': forcing value to bool 'true' or 'false' (performance warning)
e:\uad\6to\chemonky\graficas\lugraficas\framework\src\scene\d3dxmesh.cpp(362): warning C4800: 'int': forcing value to bool 'true' or 'false' (performance warning)
e:\uad\6to\chemonky\graficas\lugraficas\framework\src\scene\d3dxmesh.cpp(527): warning C4244: '=': conversion from 'double' to 'float', possible loss of data
e:\uad\6to\chemonky\graficas\lugraficas\framework\src\scene\d3dxmesh.cpp(594): warning C4244: '=': conversion from 'double' to 'float', possible loss of data
e:\uad\6to\chemonky\graficas\lugraficas\framework\src\scene\d3dxmesh.cpp(596): warning C4244: '=': conversion from 'double' to 'float', possible loss of data
e:\uad\6to\chemonky\graficas\lugraficas\framework\src\scene\d3dxmesh.cpp(598): warning C4244: '=': conversion from 'double' to 'float', possible loss of data
e:\uad\6to\chemonky\graficas\lugraficas\framework\src\scene\d3dxmesh.cpp(600): warning C4244: '=': conversion from 'double' to 'float', possible loss of data
e:\uad\6to\chemonky\graficas\lugraficas\framework\src\scene\d3dxmesh.cpp(634): warning C4244: '=': conversion from 'double' to 'float', possible loss of data
e:\uad\6to\chemonky\graficas\lugraficas\framework\src\scene\d3dxmesh.cpp(636): warning C4244: '=': conversion from 'double' to 'float', possible loss of data
e:\uad\6to\chemonky\graficas\lugraficas\framework\src\scene\d3dxmesh.cpp(638): warning C4244: '=': conversion from 'double' to 'float', possible loss of data
e:\uad\6to\chemonky\graficas\lugraficas\framework\src\scene\d3dxmesh.cpp(673): warning C4244: '=': conversion from 'double' to 'float', possible loss of data
e:\uad\6to\chemonky\graficas\lugraficas\framework\src\scene\d3dxmesh.cpp(675): warning C4244: '=': conversion from 'double' to 'float', possible loss of data
e:\uad\6to\chemonky\graficas\lugraficas\framework\src\scene\d3dxmesh.cpp(677): warning C4244: '=': conversion from 'double' to 'float', possible loss of data
e:\uad\6to\chemonky\graficas\lugraficas\framework\src\scene\d3dxmesh.cpp(700): warning C4018: '<': signed/unsigned mismatch
e:\uad\6to\chemonky\graficas\lugraficas\framework\src\scene\d3dxmesh.cpp(716): warning C4018: '<': signed/unsigned mismatch
e:\uad\6to\chemonky\graficas\lugraficas\framework\src\scene\d3dxmesh.cpp(730): warning C4018: '<': signed/unsigned mismatch
e:\uad\6to\chemonky\graficas\lugraficas\framework\src\scene\d3dxmesh.cpp(734): warning C4018: '<': signed/unsigned mismatch
e:\uad\6to\chemonky\graficas\lugraficas\framework\src\scene\d3dxmesh.cpp(844): warning C4018: '<': signed/unsigned mismatch
e:\uad\6to\chemonky\graficas\lugraficas\framework\src\scene\d3dxmesh.cpp(94): warning C4101: 'lastPos': unreferenced local variable
e:\uad\6to\chemonky\graficas\lugraficas\framework\src\scene\d3dxmesh.cpp(110): warning C4101: 'g_fNumero': unreferenced local variable
e:\uad\6to\chemonky\graficas\lugraficas\framework\src\scene\d3dxmesh.cpp(544): warning C4101: 'indiceMatriz': unreferenced local variable
e:\uad\6to\chemonky\graficas\lugraficas\framework\src\scene\d3dxmesh.cpp(944): warning C4018: '<': signed/unsigned mismatch
e:\uad\6to\chemonky\graficas\lugraficas\framework\src\scene\d3dxmesh.cpp(1115): warning C4244: '=': conversion from 'double' to 'float', possible loss of data
e:\uad\6to\chemonky\graficas\lugraficas\framework\src\scene\d3dxmesh.cpp(1119): warning C4244: '=': conversion from 'double' to 'float', possible loss of data
  InputManager.cpp
  Timer.cpp
  Utils.cpp
  Camera.cpp
  BaseDriver.cpp
  D3DXDriver.cpp
  D3DXRT.cpp
  D3DXShader.cpp
  GLDriver.cpp
  GLRT.cpp
  GLShader.cpp
  D3DXTexture.cpp
  GLTexture.cpp
  Framework.vcxproj -> E:\UAD\6to\Chemonky\Graficas\lugraficas\Debug\Framework.lib
